2022-05-18 22:52:47 +0000 - dagster - DEBUG - download_csv_dataset - 1a9a55f3-e10b-4487-8132-28012f864a37 - 297 - a - LOGS_CAPTURED - Started capturing logs for step: a.
2022-05-18 22:52:47 +0000 - dagster - DEBUG - download_csv_dataset - 1a9a55f3-e10b-4487-8132-28012f864a37 - 297 - a - STEP_START - Started execution of step "a".
2022-05-18 22:52:47 +0000 - dagster - INFO - download_csv_dataset - 1a9a55f3-e10b-4487-8132-28012f864a37 - a - Running command:




echo "========================================================================="
echo $PWD
echo "========================================================================="
echo "CSV DATA DOWNLOADING STARTED NOW!"
echo "========================================================================="
wget --no-check-certificate -O csv_data/covid_py.csv "https://www.mspbs.gov.py/xweb/vacunados.csv"
echo "========================================================================="

2022-05-18 22:52:48 +0000 - dagster - INFO - download_csv_dataset - 1a9a55f3-e10b-4487-8132-28012f864a37 - a - Command pid: 344
2022-05-18 22:52:50 +0000 - dagster - INFO - download_csv_dataset - 1a9a55f3-e10b-4487-8132-28012f864a37 - a - =========================================================================
/usr/src/app
=========================================================================
CSV DATA DOWNLOADING STARTED NOW!
=========================================================================
csv_data/covid_py.csv: No such file or directory
=========================================================================

2022-05-18 22:52:50 +0000 - dagster - INFO - download_csv_dataset - 1a9a55f3-e10b-4487-8132-28012f864a37 - a - Command exited with return code 0
2022-05-18 22:52:51 +0000 - dagster - DEBUG - download_csv_dataset - 1a9a55f3-e10b-4487-8132-28012f864a37 - 297 - a - STEP_OUTPUT - Yielded output "result" of type "String". (Type check passed).
2022-05-18 22:52:51 +0000 - dagster - DEBUG - download_csv_dataset - 1a9a55f3-e10b-4487-8132-28012f864a37 - a - Writing file at: /usr/src/app/storage/1a9a55f3-e10b-4487-8132-28012f864a37/a/result
2022-05-18 22:52:51 +0000 - dagster - DEBUG - download_csv_dataset - 1a9a55f3-e10b-4487-8132-28012f864a37 - 297 - a - HANDLED_OUTPUT - Handled output "result" using IO manager "io_manager"
2022-05-18 22:52:51 +0000 - dagster - DEBUG - download_csv_dataset - 1a9a55f3-e10b-4487-8132-28012f864a37 - 297 - a - STEP_SUCCESS - Finished execution of step "a" in 4.0s.
