2022-05-18 23:00:41 +0000 - dagster - DEBUG - download_csv_dataset - 6a728d90-79cd-4b70-ae72-a1d9dfee1150 - 891 - a - LOGS_CAPTURED - Started capturing logs for step: a.
2022-05-18 23:00:41 +0000 - dagster - DEBUG - download_csv_dataset - 6a728d90-79cd-4b70-ae72-a1d9dfee1150 - 891 - a - STEP_START - Started execution of step "a".
2022-05-18 23:00:41 +0000 - dagster - INFO - download_csv_dataset - 6a728d90-79cd-4b70-ae72-a1d9dfee1150 - a - Running command:




echo "========================================================================="
echo $PWD
echo "========================================================================="
echo "CSV DATA DOWNLOADING STARTED NOW!"
echo "========================================================================="
wget --no-check-certificate -O src/etl/src/jobs/csv_data/covid_py.csv "https://www.mspbs.gov.py/xweb/vacunados.csv"
echo "========================================================================="

2022-05-18 23:00:43 +0000 - dagster - INFO - download_csv_dataset - 6a728d90-79cd-4b70-ae72-a1d9dfee1150 - a - Command pid: 940
2022-05-18 23:00:43 +0000 - dagster - INFO - download_csv_dataset - 6a728d90-79cd-4b70-ae72-a1d9dfee1150 - a - =========================================================================
/usr/src/app
=========================================================================
CSV DATA DOWNLOADING STARTED NOW!
=========================================================================
src/etl/src/jobs/csv_data/covid_py.csv: No such file or directory
=========================================================================

2022-05-18 23:00:43 +0000 - dagster - INFO - download_csv_dataset - 6a728d90-79cd-4b70-ae72-a1d9dfee1150 - a - Command exited with return code 0
2022-05-18 23:00:44 +0000 - dagster - DEBUG - download_csv_dataset - 6a728d90-79cd-4b70-ae72-a1d9dfee1150 - 891 - a - STEP_OUTPUT - Yielded output "result" of type "String". (Type check passed).
2022-05-18 23:00:44 +0000 - dagster - DEBUG - download_csv_dataset - 6a728d90-79cd-4b70-ae72-a1d9dfee1150 - a - Writing file at: /usr/src/app/storage/6a728d90-79cd-4b70-ae72-a1d9dfee1150/a/result
2022-05-18 23:00:44 +0000 - dagster - DEBUG - download_csv_dataset - 6a728d90-79cd-4b70-ae72-a1d9dfee1150 - 891 - a - HANDLED_OUTPUT - Handled output "result" using IO manager "io_manager"
2022-05-18 23:00:44 +0000 - dagster - DEBUG - download_csv_dataset - 6a728d90-79cd-4b70-ae72-a1d9dfee1150 - 891 - a - STEP_SUCCESS - Finished execution of step "a" in 3.07s.
